<?xml version="1.0" encoding="UTF-8"?>
<testng-results ignored="0" total="1" passed="1" failed="0" skipped="0">
  <reporter-output>
  </reporter-output>
  <suite started-at="2024-01-03T13:49:06 PST" name="All Test Suite" finished-at="2024-01-03T13:49:06 PST" duration-ms="0">
    <groups>
    </groups>
  </suite> <!-- All Test Suite -->
  <suite started-at="2024-01-03T13:48:41 PST" name="All Test Suite (0)" finished-at="2024-01-03T13:49:04 PST" duration-ms="23667">
    <groups>
    </groups>
    <test started-at="2024-01-03T13:48:41 PST" name="Click on add to cart button for all products" finished-at="2024-01-03T13:49:04 PST" duration-ms="23667">
      <class name="testcases.TC01_E2EPurchaseFlow">
        <test-method is-config="true" signature="defineSuite()[pri:0, instance:testcases.TC01_E2EPurchaseFlow@315b4202]" started-at="2024-01-03T13:48:38 PST" name="defineSuite" finished-at="2024-01-03T13:48:41 PST" duration-ms="2418" status="PASS">
          <reporter-output>
          </reporter-output>
        </test-method> <!-- defineSuite -->
        <test-method is-config="true" signature="setupDriver(java.lang.String)[pri:0, instance:testcases.TC01_E2EPurchaseFlow@315b4202]" started-at="2024-01-03T13:48:41 PST" name="setupDriver" finished-at="2024-01-03T13:48:50 PST" duration-ms="9445" status="PASS">
          <params>
            <param index="0">
              <value>
                <![CDATA[]]>
              </value>
            </param>
          </params>
          <reporter-output>
          </reporter-output>
        </test-method> <!-- setupDriver -->
        <test-method signature="addproductstocart_P()[pri:1, instance:testcases.TC01_E2EPurchaseFlow@315b4202]" started-at="2024-01-03T13:48:50 PST" name="addproductstocart_P" description="Add All Products to Cart" finished-at="2024-01-03T13:49:00 PST" duration-ms="9714" status="PASS">
          <reporter-output>
          </reporter-output>
        </test-method> <!-- addproductstocart_P -->
        <test-method is-config="true" signature="getResult(org.testng.ITestResult)[pri:0, instance:testcases.TC01_E2EPurchaseFlow@315b4202]" started-at="2024-01-03T13:49:01 PST" name="getResult" finished-at="2024-01-03T13:49:01 PST" duration-ms="101" status="PASS">
          <params>
            <param index="0">
              <value>
                <![CDATA[[TestResult name=addproductstocart_P status=SUCCESS method=TC01_E2EPurchaseFlow.addproductstocart_P()[pri:1, instance:testcases.TC01_E2EPurchaseFlow@315b4202] output={null}]]]>
              </value>
            </param>
          </params>
          <reporter-output>
          </reporter-output>
        </test-method> <!-- getResult -->
        <test-method is-config="true" signature="tearDown()[pri:0, instance:testcases.TC01_E2EPurchaseFlow@315b4202]" started-at="2024-01-03T13:49:01 PST" name="tearDown" finished-at="2024-01-03T13:49:04 PST" duration-ms="3141" status="PASS">
          <reporter-output>
          </reporter-output>
        </test-method> <!-- tearDown -->
        <test-method is-config="true" signature="endSuite()[pri:0, instance:testcases.TC01_E2EPurchaseFlow@315b4202]" started-at="2024-01-03T13:49:04 PST" name="endSuite" finished-at="2024-01-03T13:49:06 PST" duration-ms="1335" status="PASS">
          <reporter-output>
          </reporter-output>
        </test-method> <!-- endSuite -->
      </class> <!-- testcases.TC01_E2EPurchaseFlow -->
    </test> <!-- Click on add to cart button for all products -->
  </suite> <!-- All Test Suite (0) -->
</testng-results>
